<?xml version="1.0" encoding="UTF-8"?>
<!-- Generated by org.testng.reporters.JUnitReportReporter -->
<testsuite skipped="0" hostname="LAPTOP-TI9COB79" name="importantSeleniumConcepts.ParameterizationInTestngxml" tests="1" failures="0" timestamp="20 Jun 2020 15:38:52 GMT" time="63.543" errors="0">
  <testcase name="Parameterization" time="63.543" classname="importantSeleniumConcepts.ParameterizationInTestngxml"/>
</testsuite> <!-- importantSeleniumConcepts.ParameterizationInTestngxml -->
