<?xml version="1.0" encoding="UTF-8"?>
<!-- Generated by org.testng.reporters.JUnitReportReporter -->
<testsuite skipped="0" hostname="LAPTOP-TI9COB79" name="importantSeleniumConcepts.HowManyAnchorTags" tests="1" failures="0" timestamp="14 Jun 2020 15:38:37 GMT" time="56.390" errors="0">
  <testcase name="AnchorTagsCount" time="56.390" classname="importantSeleniumConcepts.HowManyAnchorTags"/>
</testsuite> <!-- importantSeleniumConcepts.HowManyAnchorTags -->
