<?xml version="1.0" encoding="UTF-8"?>
<!-- Generated by org.testng.reporters.JUnitReportReporter -->
<testsuite skipped="0" hostname="LAPTOP-TI9COB79" name="importantSeleniumConcepts.HowManyAnchorTags" tests="1" failures="0" timestamp="05 Jun 2020 11:08:47 GMT" time="127.809" errors="0">
  <testcase name="Test" time="127.809" classname="importantSeleniumConcepts.HowManyAnchorTags"/>
</testsuite> <!-- importantSeleniumConcepts.HowManyAnchorTags -->
