<?xml version="1.0" encoding="UTF-8"?>
<!-- Generated by org.testng.reporters.JUnitReportReporter -->
<testsuite skipped="0" hostname="LAPTOP-TI9COB79" name="importantSeleniumConcepts.DownloadToDesiredFolder" tests="1" failures="0" timestamp="03 Jun 2020 17:42:56 GMT" time="25.597" errors="0">
  <testcase name="DownloadFile" time="25.597" classname="importantSeleniumConcepts.DownloadToDesiredFolder"/>
</testsuite> <!-- importantSeleniumConcepts.DownloadToDesiredFolder -->
