<?xml version="1.0" encoding="UTF-8"?>
<!-- Generated by org.testng.reporters.JUnitReportReporter -->
<testsuite skipped="0" hostname="LAPTOP-TI9COB79" name="com.qa.facebook.tests.FaceBookTest" tests="1" failures="0" timestamp="27 Jun 2020 17:21:23 GMT" time="139.413" errors="0">
  <testcase name="LoginTest" time="139.413" classname="com.qa.facebook.tests.FaceBookTest"/>
</testsuite> <!-- com.qa.facebook.tests.FaceBookTest -->
