<?xml version="1.0" encoding="UTF-8"?>
<!-- Generated by org.testng.reporters.JUnitReportReporter -->
<testsuite skipped="0" hostname="LAPTOP-TI9COB79" name="importantSeleniumConcepts.DisableImages" tests="1" failures="0" timestamp="02 Jun 2020 10:21:26 GMT" time="195.829" errors="0">
  <testcase name="ImageDisable" time="195.829" classname="importantSeleniumConcepts.DisableImages"/>
</testsuite> <!-- importantSeleniumConcepts.DisableImages -->
