<?xml version="1.0" encoding="UTF-8"?>
<!-- Generated by org.testng.reporters.JUnitReportReporter -->
<testsuite skipped="0" hostname="LAPTOP-TI9COB79" name="importantSeleniumConcepts.HowManyAnchorTags" tests="1" failures="0" timestamp="10 Jun 2020 06:20:40 GMT" time="188.932" errors="0">
  <testcase name="AnchorTagsCount" time="188.932" classname="importantSeleniumConcepts.HowManyAnchorTags"/>
</testsuite> <!-- importantSeleniumConcepts.HowManyAnchorTags -->
