<?xml version="1.0" encoding="UTF-8"?>
<!-- Generated by org.testng.reporters.JUnitReportReporter -->
<testsuite skipped="0" hostname="LAPTOP-TI9COB79" name="importantSeleniumConcepts.DownloadToDesiredFolder" tests="1" failures="0" timestamp="09 Jun 2020 15:54:58 GMT" time="32.920" errors="0">
  <testcase name="DownloadFile" time="32.920" classname="importantSeleniumConcepts.DownloadToDesiredFolder"/>
</testsuite> <!-- importantSeleniumConcepts.DownloadToDesiredFolder -->
