<?xml version="1.0" encoding="UTF-8"?>
<!-- Generated by org.testng.reporters.JUnitReportReporter -->
<testsuite skipped="0" hostname="LAPTOP-TI9COB79" name="importantSeleniumConcepts.DownloadToDesiredFolder" tests="1" failures="0" timestamp="14 Jun 2020 15:38:37 GMT" time="50.186" errors="0">
  <testcase name="DownloadFile" time="50.186" classname="importantSeleniumConcepts.DownloadToDesiredFolder"/>
</testsuite> <!-- importantSeleniumConcepts.DownloadToDesiredFolder -->
